
D:\work\mine\codes\ufs_django\approot\libs\services\svc_base>rem the envrionment var will be set when running this script, so if this bat is run manually, the var will not be set, even  

D:\work\mine\codes\ufs_django\approot\libs\services\svc_base>rem the following codes are added 

D:\work\mine\codes\ufs_django\approot\libs\services\svc_base>rem python configuration.py 

D:\work\mine\codes\ufs_django\approot\libs\services\svc_base>rem set TOOLS_ROOT=D:\work\mine\codes\ufs_django\approot\libs\services\external_app\\tools 

D:\work\mine\codes\ufs_django\approot\libs\services\svc_base>rem set POSTGRESQL_ROOT=\PostgreSQL\pgsql 

D:\work\mine\codes\ufs_django\approot\libs\services\svc_base>chcp 65001 
Active code page: 65001

D:\work\mine\codes\ufs_django\approot\libs\services\svc_base>echo POSTGRESQL_ROOT is  
POSTGRESQL_ROOT is 

D:\work\mine\codes\ufs_django\approot\libs\services\svc_base>echo POSTGRESQL_PORT is  
POSTGRESQL_PORT is 

D:\work\mine\codes\ufs_django\approot\libs\services\svc_base>PATH=\bin;C:\APPS\python\Lib\site-packages\PyQt4;C:\Program Files (x86)\RSA SecurID Token Common;C:\WINDOWS\system32;C:\WINDOWS;C:\WINDOWS\System32\Wbem;C:\WINDOWS\System32\WindowsPowerShell\v1.0\;C:\APPS\python;C:\APPS\ue;C:\APPS\bc;C:\Program Files\TortoiseSVN\bin;C:\Program Files (x86)\MySQL\MySQL Utilities 1.3.4\;C:\HashiCorp\Vagrant\bin;C:\Program Files\TortoiseGit\bin;;D:\work\mine\venv\Scripts 

D:\work\mine\codes\ufs_django\approot\libs\services\svc_base>title "PostgreSQL" 

D:\work\mine\codes\ufs_django\approot\libs\services\svc_base>REM The script sets environment variables helpful for PostgreSQL 

D:\work\mine\codes\ufs_django\approot\libs\services\svc_base>REM Next line MUST be uncommented the first time to init the server, it can then be commented. 

D:\work\mine\codes\ufs_django\approot\libs\services\svc_base>if not exist \..\..\data\data_post "\bin\initdb" -U postgres -A trust -E UTF8 
The system cannot find the path specified.

D:\work\mine\codes\ufs_django\approot\libs\services\svc_base>"\bin\pg_ctl" -D "/../../data/data_post" -l /../../logfile start 
The system cannot find the path specified.

D:\work\mine\codes\ufs_django\approot\libs\services\svc_base>rem ECHO "Click enter to stop" 

D:\work\mine\codes\ufs_django\approot\libs\services\svc_base>rem pause 

D:\work\mine\codes\ufs_django\approot\libs\services\svc_base>rem "\bin\pg_ctl" -D "/data" stop 
