WARNING:root:no config file/ invalid config file, use default
Is running is True
Calling remote execute, but server not running
Connecting to database
	->host='localhost' dbname='postgres' user='postgres' password='' port='8113'
retrying to connect postgresql server
retrying to connect postgresql server
retrying to connect postgresql server
retrying to connect postgresql server
retrying to connect postgresql server
retrying to connect postgresql server
retrying to connect postgresql server
retrying to connect postgresql server
retrying to connect postgresql server
retrying to connect postgresql server
retrying to connect postgresql server
retrying to connect postgresql server
retrying to connect postgresql server
retrying to connect postgresql server
retrying to connect postgresql server
retrying to connect postgresql server
retrying to connect postgresql server
retrying to connect postgresql server
retrying to connect postgresql server
retrying to connect postgresql server
retrying to connect postgresql server
retrying to connect postgresql server
retrying to connect postgresql server
retrying to connect postgresql server
retrying to connect postgresql server
retrying to connect postgresql server
retrying to connect postgresql server
retrying to connect postgresql server
retrying to connect postgresql server
